\BOOKMARK [1][-]{section.1}{Introduction}{}% 1
\BOOKMARK [1][-]{section.2}{Sea level projections}{}% 2
\BOOKMARK [2][-]{subsection.2.1}{Global sea level}{section.2}% 3
\BOOKMARK [2][-]{subsection.2.2}{Local sea level}{section.2}% 4
\BOOKMARK [2][-]{subsection.2.3}{Uncertainty assessment}{section.2}% 5
\BOOKMARK [2][-]{subsection.2.4}{Limitations of the sea level projections}{section.2}% 6
\BOOKMARK [1][-]{section.3}{Timing of adaptation measures}{}% 7
\BOOKMARK [2][-]{subsection.3.1}{Annual damage costs}{section.3}% 8
\BOOKMARK [2][-]{subsection.3.2}{Effect of changes in sea level}{section.3}% 9
\BOOKMARK [2][-]{subsection.3.3}{Limitations of the decision framework}{section.3}% 10
\BOOKMARK [1][-]{section.4}{Risk mapping}{}% 11
\BOOKMARK [1][-]{section.5}{Case studies}{}% 12
\BOOKMARK [2][-]{subsection.5.1}{Data}{section.5}% 13
\BOOKMARK [2][-]{subsection.5.2}{Sea level rise in Bergen and Esbjerg}{section.5}% 14
\BOOKMARK [2][-]{subsection.5.3}{Timing of adaptation measures in Bergen}{section.5}% 15
\BOOKMARK [2][-]{subsection.5.4}{Identifying flood-prone areas in Esbjerg}{section.5}% 16
\BOOKMARK [1][-]{section.6}{The value of including uncertainty}{}% 17
\BOOKMARK [2][-]{subsection.6.1}{Sea level projections}{section.6}% 18
\BOOKMARK [2][-]{subsection.6.2}{Damage costs}{section.6}% 19
\BOOKMARK [2][-]{subsection.6.3}{Risk assessment}{section.6}% 20
\BOOKMARK [1][-]{section.7}{Conclusions}{}% 21
\BOOKMARK [1][-]{section*.13}{References}{}% 22
