This is pdfTeX, Version 3.14159265-2.6-1.40.16 (TeX Live 2015) (preloaded format=pdflatex 2016.1.12)  31 DEC 2016 14:10
entering extended mode
 restricted \write18 enabled.
 %&-line parsing enabled.
**paper
(./paper.tex
LaTeX2e <2015/10/01> patch level 2
Babel <3.9n> and hyphenation patterns for 79 languages loaded.
(./agujournal.cls
Document Class: agujournal 08/06/2016
(/usr/local/texlive/2015/texmf-dist/tex/latex/newtx/newtxtext.sty
Package: newtxtext 2015/12/11 v1.463

`newtxtext' v1.463, 2015/12/11 Text macros taking advantage of TeX-Gyre Termes 
fonts (msharpe)
(/usr/local/texlive/2015/texmf-dist/tex/latex/fontaxes/fontaxes.sty
Package: fontaxes 2014/03/23 v1.0d Font selection axes
LaTeX Info: Redefining \upshape on input line 29.
LaTeX Info: Redefining \itshape on input line 31.
LaTeX Info: Redefining \slshape on input line 33.
LaTeX Info: Redefining \scshape on input line 37.
)
\ntx@fs=\dimen102

(/usr/local/texlive/2015/texmf-dist/tex/latex/xkeyval/xkeyval.sty
Package: xkeyval 2014/12/03 v2.7a package option processing (HA)

(/usr/local/texlive/2015/texmf-dist/tex/generic/xkeyval/xkeyval.tex
(/usr/local/texlive/2015/texmf-dist/tex/generic/xkeyval/xkvutils.tex
\XKV@toks=\toks14
\XKV@tempa@toks=\toks15

(/usr/local/texlive/2015/texmf-dist/tex/generic/xkeyval/keyval.tex))
\XKV@depth=\count79
File: xkeyval.tex 2014/12/03 v2.7a key=value parser (HA)
))
(/usr/local/texlive/2015/texmf-dist/tex/latex/etoolbox/etoolbox.sty
Package: etoolbox 2015/08/02 v2.2a e-TeX tools for LaTeX (JAW)
\etb@tempcnta=\count80
)
(/usr/local/texlive/2015/texmf-dist/tex/latex/base/fontenc.sty
Package: fontenc 2005/09/27 v1.99g Standard LaTeX package

(/usr/local/texlive/2015/texmf-dist/tex/latex/base/t1enc.def
File: t1enc.def 2005/09/27 v1.99g Standard LaTeX file
LaTeX Font Info:    Redeclaring font encoding T1 on input line 48.
))
(/usr/local/texlive/2015/texmf-dist/tex/latex/base/textcomp.sty
Package: textcomp 2005/09/27 v1.99g Standard LaTeX package
Package textcomp Info: Sub-encoding information:
(textcomp)               5 = only ISO-Adobe without \textcurrency
(textcomp)               4 = 5 + \texteuro
(textcomp)               3 = 4 + \textohm
(textcomp)               2 = 3 + \textestimated + \textcurrency
(textcomp)               1 = TS1 - \textcircled - \t
(textcomp)               0 = TS1 (full)
(textcomp)             Font families with sub-encoding setting implement
(textcomp)             only a restricted character set as indicated.
(textcomp)             Family '?' is the default used for unknown fonts.
(textcomp)             See the documentation for details.
Package textcomp Info: Setting ? sub-encoding to TS1/1 on input line 79.
Package textcomp Info: Changing ? sub-encoding to TS1/0 on input line 80.

(/usr/local/texlive/2015/texmf-dist/tex/latex/base/ts1enc.def
File: ts1enc.def 2001/06/05 v3.0e (jk/car/fm) Standard LaTeX file
)
LaTeX Info: Redefining \oldstylenums on input line 334.
Package textcomp Info: Setting cmr sub-encoding to TS1/0 on input line 349.
Package textcomp Info: Setting cmss sub-encoding to TS1/0 on input line 350.
Package textcomp Info: Setting cmtt sub-encoding to TS1/0 on input line 351.
Package textcomp Info: Setting cmvtt sub-encoding to TS1/0 on input line 352.
Package textcomp Info: Setting cmbr sub-encoding to TS1/0 on input line 353.
Package textcomp Info: Setting cmtl sub-encoding to TS1/0 on input line 354.
Package textcomp Info: Setting ccr sub-encoding to TS1/0 on input line 355.
Package textcomp Info: Setting ptm sub-encoding to TS1/4 on input line 356.
Package textcomp Info: Setting pcr sub-encoding to TS1/4 on input line 357.
Package textcomp Info: Setting phv sub-encoding to TS1/4 on input line 358.
Package textcomp Info: Setting ppl sub-encoding to TS1/3 on input line 359.
Package textcomp Info: Setting pag sub-encoding to TS1/4 on input line 360.
Package textcomp Info: Setting pbk sub-encoding to TS1/4 on input line 361.
Package textcomp Info: Setting pnc sub-encoding to TS1/4 on input line 362.
Package textcomp Info: Setting pzc sub-encoding to TS1/4 on input line 363.
Package textcomp Info: Setting bch sub-encoding to TS1/4 on input line 364.
Package textcomp Info: Setting put sub-encoding to TS1/5 on input line 365.
Package textcomp Info: Setting uag sub-encoding to TS1/5 on input line 366.
Package textcomp Info: Setting ugq sub-encoding to TS1/5 on input line 367.
Package textcomp Info: Setting ul8 sub-encoding to TS1/4 on input line 368.
Package textcomp Info: Setting ul9 sub-encoding to TS1/4 on input line 369.
Package textcomp Info: Setting augie sub-encoding to TS1/5 on input line 370.
Package textcomp Info: Setting dayrom sub-encoding to TS1/3 on input line 371.
Package textcomp Info: Setting dayroms sub-encoding to TS1/3 on input line 372.

Package textcomp Info: Setting pxr sub-encoding to TS1/0 on input line 373.
Package textcomp Info: Setting pxss sub-encoding to TS1/0 on input line 374.
Package textcomp Info: Setting pxtt sub-encoding to TS1/0 on input line 375.
Package textcomp Info: Setting txr sub-encoding to TS1/0 on input line 376.
Package textcomp Info: Setting txss sub-encoding to TS1/0 on input line 377.
Package textcomp Info: Setting txtt sub-encoding to TS1/0 on input line 378.
Package textcomp Info: Setting lmr sub-encoding to TS1/0 on input line 379.
Package textcomp Info: Setting lmdh sub-encoding to TS1/0 on input line 380.
Package textcomp Info: Setting lmss sub-encoding to TS1/0 on input line 381.
Package textcomp Info: Setting lmssq sub-encoding to TS1/0 on input line 382.
Package textcomp Info: Setting lmvtt sub-encoding to TS1/0 on input line 383.
Package textcomp Info: Setting lmtt sub-encoding to TS1/0 on input line 384.
Package textcomp Info: Setting qhv sub-encoding to TS1/0 on input line 385.
Package textcomp Info: Setting qag sub-encoding to TS1/0 on input line 386.
Package textcomp Info: Setting qbk sub-encoding to TS1/0 on input line 387.
Package textcomp Info: Setting qcr sub-encoding to TS1/0 on input line 388.
Package textcomp Info: Setting qcs sub-encoding to TS1/0 on input line 389.
Package textcomp Info: Setting qpl sub-encoding to TS1/0 on input line 390.
Package textcomp Info: Setting qtm sub-encoding to TS1/0 on input line 391.
Package textcomp Info: Setting qzc sub-encoding to TS1/0 on input line 392.
Package textcomp Info: Setting qhvc sub-encoding to TS1/0 on input line 393.
Package textcomp Info: Setting futs sub-encoding to TS1/4 on input line 394.
Package textcomp Info: Setting futx sub-encoding to TS1/4 on input line 395.
Package textcomp Info: Setting futj sub-encoding to TS1/4 on input line 396.
Package textcomp Info: Setting hlh sub-encoding to TS1/3 on input line 397.
Package textcomp Info: Setting hls sub-encoding to TS1/3 on input line 398.
Package textcomp Info: Setting hlst sub-encoding to TS1/3 on input line 399.
Package textcomp Info: Setting hlct sub-encoding to TS1/5 on input line 400.
Package textcomp Info: Setting hlx sub-encoding to TS1/5 on input line 401.
Package textcomp Info: Setting hlce sub-encoding to TS1/5 on input line 402.
Package textcomp Info: Setting hlcn sub-encoding to TS1/5 on input line 403.
Package textcomp Info: Setting hlcw sub-encoding to TS1/5 on input line 404.
Package textcomp Info: Setting hlcf sub-encoding to TS1/5 on input line 405.
Package textcomp Info: Setting pplx sub-encoding to TS1/3 on input line 406.
Package textcomp Info: Setting pplj sub-encoding to TS1/3 on input line 407.
Package textcomp Info: Setting ptmx sub-encoding to TS1/4 on input line 408.
Package textcomp Info: Setting ptmj sub-encoding to TS1/4 on input line 409.
) 
Babel
LaTeX Font Info:    Try loading font information for T1+ntxtlf on input line 25
0.
(/usr/local/texlive/2015/texmf-dist/tex/latex/newtx/t1ntxtlf.fd
File: t1ntxtlf.fd 2015/01/17 v1.0 font definition file for T1/ntx/tlf
)
LaTeX Font Info:    Font shape `T1/ntxtlf/m/n' will be
(Font)              scaled to size 10.0pt on input line 250.
)
(/usr/local/texlive/2015/texmf-dist/tex/latex/newtx/newtxmath.sty
Package: newtxmath 2015/12/11 v1.463

`newtxmath' v1.463, 2015/12/11 Math macros based on txfonts (msharpe)
(/usr/local/texlive/2015/texmf-dist/tex/latex/amsmath/amsmath.sty
Package: amsmath 2013/01/14 v2.14 AMS math features
\@mathmargin=\skip41

For additional information on amsmath, use the `?' option.
(/usr/local/texlive/2015/texmf-dist/tex/latex/amsmath/amstext.sty
Package: amstext 2000/06/29 v2.01

(/usr/local/texlive/2015/texmf-dist/tex/latex/amsmath/amsgen.sty
File: amsgen.sty 1999/11/30 v2.0
\@emptytoks=\toks16
\ex@=\dimen103
))
(/usr/local/texlive/2015/texmf-dist/tex/latex/amsmath/amsbsy.sty
Package: amsbsy 1999/11/29 v1.2d
\pmbraise@=\dimen104
)
(/usr/local/texlive/2015/texmf-dist/tex/latex/amsmath/amsopn.sty
Package: amsopn 1999/12/14 v2.01 operator names
)
\inf@bad=\count81
LaTeX Info: Redefining \frac on input line 210.
\uproot@=\count82
\leftroot@=\count83
LaTeX Info: Redefining \overline on input line 306.
\classnum@=\count84
\DOTSCASE@=\count85
LaTeX Info: Redefining \ldots on input line 378.
LaTeX Info: Redefining \dots on input line 381.
LaTeX Info: Redefining \cdots on input line 466.
\Mathstrutbox@=\box26
\strutbox@=\box27
\big@size=\dimen105
LaTeX Font Info:    Redeclaring font encoding OML on input line 566.
LaTeX Font Info:    Redeclaring font encoding OMS on input line 567.
\macc@depth=\count86
\c@MaxMatrixCols=\count87
\dotsspace@=\muskip10
\c@parentequation=\count88
\dspbrk@lvl=\count89
\tag@help=\toks17
\row@=\count90
\column@=\count91
\maxfields@=\count92
\andhelp@=\toks18
\eqnshift@=\dimen106
\alignsep@=\dimen107
\tagshift@=\dimen108
\tagwidth@=\dimen109
\totwidth@=\dimen110
\lineht@=\dimen111
\@envbody=\toks19
\multlinegap=\skip42
\multlinetaggap=\skip43
\mathdisplay@stack=\toks20
LaTeX Info: Redefining \[ on input line 2665.
LaTeX Info: Redefining \] on input line 2666.
)
(/usr/local/texlive/2015/texmf-dist/tex/generic/ifxetex/ifxetex.sty
Package: ifxetex 2010/09/12 v0.6 Provides ifxetex conditional
)
(/usr/local/texlive/2015/texmf-dist/tex/generic/oberdiek/ifluatex.sty
Package: ifluatex 2010/03/01 v1.3 Provides the ifluatex switch (HO)
Package ifluatex Info: LuaTeX not detected.
)
(/usr/local/texlive/2015/texmf-dist/tex/generic/kastrup/binhex.tex)
\tx@Isdigit=\count93
LaTeX Font Info:    Redeclaring symbol font `operators' on input line 137.
LaTeX Font Info:    Overwriting symbol font `operators' in version `normal'
(Font)                  OT1/cmr/m/n --> OT1/ntxtlf/m/n on input line 137.
LaTeX Font Info:    Overwriting symbol font `operators' in version `bold'
(Font)                  OT1/cmr/bx/n --> OT1/ntxtlf/m/n on input line 137.
LaTeX Font Info:    Overwriting symbol font `operators' in version `bold'
(Font)                  OT1/ntxtlf/m/n --> OT1/ntxtlf/b/n on input line 138.
LaTeX Font Info:    Redeclaring math alphabet \mathsf on input line 144.
LaTeX Font Info:    Overwriting math alphabet `\mathsf' in version `normal'
(Font)                  OT1/cmss/m/n --> T1/qhv/m/n on input line 144.
LaTeX Font Info:    Overwriting math alphabet `\mathsf' in version `bold'
(Font)                  OT1/cmss/bx/n --> T1/qhv/m/n on input line 144.
LaTeX Font Info:    Redeclaring math alphabet \mathit on input line 145.
LaTeX Font Info:    Overwriting math alphabet `\mathit' in version `normal'
(Font)                  OT1/cmr/m/it --> OT1/ntxtlf/m/it on input line 145.
LaTeX Font Info:    Overwriting math alphabet `\mathit' in version `bold'
(Font)                  OT1/cmr/bx/it --> OT1/ntxtlf/m/it on input line 145.
LaTeX Font Info:    Redeclaring math alphabet \mathtt on input line 146.
LaTeX Font Info:    Overwriting math alphabet `\mathtt' in version `normal'
(Font)                  OT1/cmtt/m/n --> T1/ntxtt/m/n on input line 146.
LaTeX Font Info:    Overwriting math alphabet `\mathtt' in version `bold'
(Font)                  OT1/cmtt/m/n --> T1/ntxtt/m/n on input line 146.
LaTeX Font Info:    Redeclaring math alphabet \mathbf on input line 148.
LaTeX Font Info:    Overwriting math alphabet `\mathbf' in version `normal'
(Font)                  OT1/cmr/bx/n --> OT1/ntxtlf/b/n on input line 148.
LaTeX Font Info:    Overwriting math alphabet `\mathbf' in version `bold'
(Font)                  OT1/cmr/bx/n --> OT1/ntxtlf/b/n on input line 148.
LaTeX Font Info:    Overwriting math alphabet `\mathit' in version `bold'
(Font)                  OT1/ntxtlf/m/it --> OT1/ntxtlf/b/it on input line 149.
LaTeX Font Info:    Overwriting math alphabet `\mathsf' in version `bold'
(Font)                  T1/qhv/m/n --> T1/qhv/b/n on input line 150.
LaTeX Font Info:    Overwriting math alphabet `\mathtt' in version `bold'
(Font)                  T1/ntxtt/m/n --> T1/ntxtt/b/n on input line 151.
LaTeX Font Info:    Redeclaring symbol font `letters' on input line 197.
LaTeX Font Info:    Overwriting symbol font `letters' in version `normal'
(Font)                  OML/cmm/m/it --> OML/ntxmi/m/it on input line 197.
LaTeX Font Info:    Overwriting symbol font `letters' in version `bold'
(Font)                  OML/cmm/b/it --> OML/ntxmi/m/it on input line 197.
LaTeX Font Info:    Overwriting symbol font `letters' in version `bold'
(Font)                  OML/ntxmi/m/it --> OML/ntxmi/b/it on input line 198.
\symlettersA=\mathgroup4
LaTeX Font Info:    Overwriting symbol font `lettersA' in version `bold'
(Font)                  U/ntxmia/m/it --> U/ntxmia/b/it on input line 213.
LaTeX Font Info:    Redeclaring symbol font `symbols' on input line 221.
LaTeX Font Info:    Overwriting symbol font `symbols' in version `normal'
(Font)                  OMS/cmsy/m/n --> OMS/ntxsy/m/n on input line 221.
LaTeX Font Info:    Overwriting symbol font `symbols' in version `bold'
(Font)                  OMS/cmsy/b/n --> OMS/ntxsy/m/n on input line 221.
LaTeX Font Info:    Overwriting symbol font `symbols' in version `bold'
(Font)                  OMS/ntxsy/m/n --> OMS/ntxsy/b/n on input line 222.
\symAMSm=\mathgroup5
LaTeX Font Info:    Overwriting symbol font `AMSm' in version `bold'
(Font)                  U/ntxsym/m/n --> U/ntxsym/b/n on input line 242.
\symsymbolsC=\mathgroup6
LaTeX Font Info:    Overwriting symbol font `symbolsC' in version `bold'
(Font)                  U/ntxsyc/m/n --> U/ntxsyc/b/n on input line 263.
LaTeX Font Info:    Redeclaring symbol font `largesymbols' on input line 276.
LaTeX Font Info:    Encoding `OMX' has changed to `LMX' for symbol font
(Font)              `largesymbols' in the math version `normal' on input line 2
76.
LaTeX Font Info:    Overwriting symbol font `largesymbols' in version `normal'
(Font)                  OMX/cmex/m/n --> LMX/ntxexx/m/n on input line 276.
LaTeX Font Info:    Encoding `OMX' has changed to `LMX' for symbol font
(Font)              `largesymbols' in the math version `bold' on input line 276
.
LaTeX Font Info:    Overwriting symbol font `largesymbols' in version `bold'
(Font)                  OMX/cmex/m/n --> LMX/ntxexx/m/n on input line 276.
LaTeX Font Info:    Overwriting symbol font `largesymbols' in version `bold'
(Font)                  LMX/ntxexx/m/n --> LMX/ntxexx/b/n on input line 277.
\symlargesymbolsTXA=\mathgroup7
LaTeX Font Info:    Overwriting symbol font `largesymbolsTXA' in version `bold'

(Font)                  U/ntxexa/m/n --> U/ntxexa/b/n on input line 291.
LaTeX Info: Redefining \not on input line 1747.
)
(/usr/local/texlive/2015/texmf-dist/tex/latex/graphics/graphicx.sty
Package: graphicx 2014/10/28 v1.0g Enhanced LaTeX Graphics (DPC,SPQR)

(/usr/local/texlive/2015/texmf-dist/tex/latex/graphics/graphics.sty
Package: graphics 2014/10/28 v1.0p Standard LaTeX Graphics (DPC,SPQR)

(/usr/local/texlive/2015/texmf-dist/tex/latex/graphics/trig.sty
Package: trig 1999/03/16 v1.09 sin cos tan (DPC)
)
(/usr/local/texlive/2015/texmf-dist/tex/latex/latexconfig/graphics.cfg
File: graphics.cfg 2010/04/23 v1.9 graphics configuration of TeX Live
)
Package graphics Info: Driver file: pdftex.def on input line 94.

(/usr/local/texlive/2015/texmf-dist/tex/latex/pdftex-def/pdftex.def
File: pdftex.def 2011/05/27 v0.06d Graphics/color for pdfTeX

(/usr/local/texlive/2015/texmf-dist/tex/generic/oberdiek/infwarerr.sty
Package: infwarerr 2010/04/08 v1.3 Providing info/warning/error messages (HO)
)
(/usr/local/texlive/2015/texmf-dist/tex/generic/oberdiek/ltxcmds.sty
Package: ltxcmds 2011/11/09 v1.22 LaTeX kernel commands for general use (HO)
)
\Gread@gobject=\count94
))
\Gin@req@height=\dimen112
\Gin@req@width=\dimen113
)
(/usr/local/texlive/2015/texmf-dist/tex/latex/xcolor/xcolor.sty
Package: xcolor 2007/01/21 v2.11 LaTeX color extensions (UK)

(/usr/local/texlive/2015/texmf-dist/tex/latex/latexconfig/color.cfg
File: color.cfg 2007/01/18 v1.5 color configuration of teTeX/TeXLive
)
Package xcolor Info: Driver file: pdftex.def on input line 225.
Package xcolor Info: Model `cmy' substituted by `cmy0' on input line 1337.
Package xcolor Info: Model `hsb' substituted by `rgb' on input line 1341.
Package xcolor Info: Model `RGB' extended on input line 1353.
Package xcolor Info: Model `HTML' substituted by `rgb' on input line 1355.
Package xcolor Info: Model `Hsb' substituted by `hsb' on input line 1356.
Package xcolor Info: Model `tHsb' substituted by `hsb' on input line 1357.
Package xcolor Info: Model `HSB' substituted by `hsb' on input line 1358.
Package xcolor Info: Model `Gray' substituted by `gray' on input line 1359.
Package xcolor Info: Model `wave' substituted by `hsb' on input line 1360.
)
(/usr/local/texlive/2015/texmf-dist/tex/latex/lineno/lineno.sty
Package: lineno 2005/11/02 line numbers on paragraphs v4.41
\linenopenalty=\count95
\output=\toks21
\linenoprevgraf=\count96
\linenumbersep=\dimen114
\linenumberwidth=\dimen115
\c@linenumber=\count97
\c@pagewiselinenumber=\count98
\c@LN@truepage=\count99
\c@internallinenumber=\count100
\c@internallinenumbers=\count101
\quotelinenumbersep=\dimen116
\bframerule=\dimen117
\bframesep=\dimen118
\bframebox=\box28
LaTeX Info: Redefining \\ on input line 3056.
)
(/usr/local/texlive/2015/texmf-dist/tex/latex/tools/indentfirst.sty
Package: indentfirst 1995/11/23 v1.03 Indent first paragraph (DPC)
)
(/usr/local/texlive/2015/texmf-dist/tex/latex/ms/ragged2e.sty
Package: ragged2e 2009/05/21 v2.1 ragged2e Package (MS)

(/usr/local/texlive/2015/texmf-dist/tex/latex/ms/everysel.sty
Package: everysel 2011/10/28 v1.2 EverySelectfont Package (MS)
)
\CenteringLeftskip=\skip44
\RaggedLeftLeftskip=\skip45
\RaggedRightLeftskip=\skip46
\CenteringRightskip=\skip47
\RaggedLeftRightskip=\skip48
\RaggedRightRightskip=\skip49
\CenteringParfillskip=\skip50
\RaggedLeftParfillskip=\skip51
\RaggedRightParfillskip=\skip52
\JustifyingParfillskip=\skip53
\CenteringParindent=\skip54
\RaggedLeftParindent=\skip55
\RaggedRightParindent=\skip56
\JustifyingParindent=\skip57
)
(/usr/local/texlive/2015/texmf-dist/tex/latex/rotating/rotating.sty
Package: rotating 2009/03/28 v2.16a rotated objects in LaTeX

(/usr/local/texlive/2015/texmf-dist/tex/latex/base/ifthen.sty
Package: ifthen 2014/09/29 v1.1c Standard LaTeX ifthen package (DPC)
)
\c@r@tfl@t=\count102
\rotFPtop=\skip58
\rotFPbot=\skip59
\rot@float@box=\box29
\rot@mess@toks=\toks22
)
(/usr/local/texlive/2015/texmf-dist/tex/generic/ulem/ulem.sty
\UL@box=\box30
\UL@hyphenbox=\box31
\UL@skip=\skip60
\UL@hook=\toks23
\UL@height=\dimen119
\UL@pe=\count103
\UL@pixel=\dimen120
\ULC@box=\box32
Package: ulem 2012/05/18
\ULdepth=\dimen121
)
\draftskip=\count104
\c@section=\count105
\c@subsection=\count106
\c@subsubsection=\count107
\c@paragraph=\count108
\c@subparagraph=\count109
\c@figure=\count110
\c@table=\count111
\abovecaptionskip=\skip61
\belowcaptionskip=\skip62
\c@appendnum=\count112
\bibindent=\dimen122

(/usr/local/texlive/2015/texmf-dist/tex/latex/natbib/natbib.sty
Package: natbib 2010/09/13 8.31b (PWD, AO)
\bibhang=\skip63
\bibsep=\skip64
LaTeX Info: Redefining \cite on input line 694.
\c@NAT@ctr=\count113
)
\refchangenumber=\count114
\listchangenum=\count115
)
(/usr/local/texlive/2015/texmf-dist/tex/latex/url/url.sty
\Urlmuskip=\muskip11
Package: url 2013/09/16  ver 3.4  Verb mode for urls, etc.
)
(/usr/local/texlive/2015/texmf-dist/tex/latex/bbm-macros/bbm.sty
Package: bbm 1999/03/15 V 1.2 provides fonts for set symbols - TH
LaTeX Font Info:    Overwriting math alphabet `\mathbbm' in version `bold'
(Font)                  U/bbm/m/n --> U/bbm/bx/n on input line 33.
LaTeX Font Info:    Overwriting math alphabet `\mathbbmss' in version `bold'
(Font)                  U/bbmss/m/n --> U/bbmss/bx/n on input line 35.
)
(/usr/local/texlive/2015/texmf-dist/tex/latex/comment/comment.sty
\CommentStream=\write3

Excluding comment 'comment') (./paper.aux)
\openout1 = `paper.aux'.

LaTeX Font Info:    Checking defaults for OML/ntxmi/m/it on input line 12.
LaTeX Font Info:    Try loading font information for OML+ntxmi on input line 12
.

(/usr/local/texlive/2015/texmf-dist/tex/latex/newtx/omlntxmi.fd
File: omlntxmi.fd 2015/08/25 Fontinst v1.933 font definitions for OML/ntxmi.
)
LaTeX Font Info:    ... okay on input line 12.
LaTeX Font Info:    Checking defaults for T1/cmr/m/n on input line 12.
LaTeX Font Info:    ... okay on input line 12.
LaTeX Font Info:    Checking defaults for OT1/cmr/m/n on input line 12.
LaTeX Font Info:    ... okay on input line 12.
LaTeX Font Info:    Checking defaults for OMS/ntxsy/m/n on input line 12.
LaTeX Font Info:    Try loading font information for OMS+ntxsy on input line 12
.

(/usr/local/texlive/2015/texmf-dist/tex/latex/newtx/omsntxsy.fd
File: omsntxsy.fd 2012/11/14 Fontinst v1.933 font definitions for OMS/ntxsy.
)
LaTeX Font Info:    ... okay on input line 12.
LaTeX Font Info:    Checking defaults for OMX/cmex/m/n on input line 12.
LaTeX Font Info:    ... okay on input line 12.
LaTeX Font Info:    Checking defaults for U/ntxexa/m/n on input line 12.
LaTeX Font Info:    Try loading font information for U+ntxexa on input line 12.


(/usr/local/texlive/2015/texmf-dist/tex/latex/newtx/untxexa.fd
File: untxexa.fd 2012/04/16 Fontinst v1.933 font definitions for U/ntxexa.
)
LaTeX Font Info:    ... okay on input line 12.
LaTeX Font Info:    Checking defaults for TS1/cmr/m/n on input line 12.
LaTeX Font Info:    Try loading font information for TS1+cmr on input line 12.

(/usr/local/texlive/2015/texmf-dist/tex/latex/base/ts1cmr.fd
File: ts1cmr.fd 2014/09/29 v2.5h Standard LaTeX font definitions
)
LaTeX Font Info:    ... okay on input line 12.
LaTeX Font Info:    Checking defaults for LMX/ntxexx/m/n on input line 12.
LaTeX Font Info:    ... okay on input line 12.
\c@mv@tabular=\count116
\c@mv@boldtabular=\count117

(/usr/local/texlive/2015/texmf-dist/tex/context/base/supp-pdf.mkii
[Loading MPS to PDF converter (version 2006.09.02).]
\scratchcounter=\count118
\scratchdimen=\dimen123
\scratchbox=\box33
\nofMPsegments=\count119
\nofMParguments=\count120
\everyMPshowfont=\toks24
\MPscratchCnt=\count121
\MPscratchDim=\dimen124
\MPnumerator=\count122
\makeMPintoPDFobject=\count123
\everyMPtoPDFconversion=\toks25
) (/usr/local/texlive/2015/texmf-dist/tex/generic/oberdiek/pdftexcmds.sty
Package: pdftexcmds 2011/11/29 v0.20 Utility functions of pdfTeX for LuaTeX (HO
)

(/usr/local/texlive/2015/texmf-dist/tex/generic/oberdiek/ifpdf.sty
Package: ifpdf 2011/01/30 v2.3 Provides the ifpdf switch (HO)
Package ifpdf Info: pdfTeX in PDF mode is detected.
)
Package pdftexcmds Info: LuaTeX not detected.
Package pdftexcmds Info: \pdf@primitive is available.
Package pdftexcmds Info: \pdf@ifprimitive is available.
Package pdftexcmds Info: \pdfdraftmode found.
)
(/usr/local/texlive/2015/texmf-dist/tex/latex/oberdiek/epstopdf-base.sty
Package: epstopdf-base 2010/02/09 v2.5 Base part for package epstopdf

(/usr/local/texlive/2015/texmf-dist/tex/latex/oberdiek/grfext.sty
Package: grfext 2010/08/19 v1.1 Manage graphics extensions (HO)

(/usr/local/texlive/2015/texmf-dist/tex/generic/oberdiek/kvdefinekeys.sty
Package: kvdefinekeys 2011/04/07 v1.3 Define keys (HO)
))
(/usr/local/texlive/2015/texmf-dist/tex/latex/oberdiek/kvoptions.sty
Package: kvoptions 2011/06/30 v3.11 Key value format for package options (HO)

(/usr/local/texlive/2015/texmf-dist/tex/generic/oberdiek/kvsetkeys.sty
Package: kvsetkeys 2012/04/25 v1.16 Key value parser (HO)

(/usr/local/texlive/2015/texmf-dist/tex/generic/oberdiek/etexcmds.sty
Package: etexcmds 2011/02/16 v1.5 Avoid name clashes with e-TeX commands (HO)
Package etexcmds Info: Could not find \expanded.
(etexcmds)             That can mean that you are not using pdfTeX 1.50 or
(etexcmds)             that some package has redefined \expanded.
(etexcmds)             In the latter case, load this package earlier.
)))
Package grfext Info: Graphics extension search list:
(grfext)             [.png,.pdf,.jpg,.mps,.jpeg,.jbig2,.jb2,.PNG,.PDF,.JPG,.JPE
G,.JBIG2,.JB2,.eps]
(grfext)             \AppendGraphicsExtensions on input line 452.

(/usr/local/texlive/2015/texmf-dist/tex/latex/latexconfig/epstopdf-sys.cfg
File: epstopdf-sys.cfg 2010/07/13 v1.3 Configuration of (r)epstopdf for TeX Liv
e
))
ABD: EverySelectfont initializing macros
LaTeX Info: Redefining \selectfont on input line 12.
LaTeX Font Info:    Font shape `T1/ntxtlf/m/n' will be
(Font)              scaled to size 14.4pt on input line 16.
LaTeX Font Info:    Font shape `T1/ntxtlf/bx/n' in size <14.4> not available
(Font)              Font shape `T1/ntxtlf/b/n' tried instead on input line 16.
LaTeX Font Info:    Font shape `T1/ntxtlf/b/n' will be
(Font)              scaled to size 14.4pt on input line 16.
LaTeX Font Info:    Font shape `T1/ntxtlf/m/n' will be
(Font)              scaled to size 5.0pt on input line 16.
LaTeX Font Info:    Try loading font information for T1+qhv on input line 16.

(/usr/local/texlive/2015/texmf-dist/tex/latex/tex-gyre/t1qhv.fd
File: t1qhv.fd 2009/09/25 v1.2 font definition file for T1/qhv
)
LaTeX Font Info:    Font shape `T1/qhv/m/n' will be
(Font)              scaled to size 4.49997pt on input line 16.
LaTeX Font Info:    Font shape `T1/ntxtlf/bx/n' in size <10> not available
(Font)              Font shape `T1/ntxtlf/b/n' tried instead on input line 18.
LaTeX Font Info:    Font shape `T1/ntxtlf/b/n' will be
(Font)              scaled to size 10.0pt on input line 18.
LaTeX Font Info:    Try loading font information for OT1+ntxtlf on input line 1
8.

(/usr/local/texlive/2015/texmf-dist/tex/latex/newtx/ot1ntxtlf.fd
File: ot1ntxtlf.fd 2015/01/17 v1.0 font definition file for OT1/ntx/tlf
)
LaTeX Font Info:    Font shape `OT1/ntxtlf/m/n' will be
(Font)              scaled to size 10.0pt on input line 18.
LaTeX Font Info:    Font shape `OT1/ntxtlf/m/n' will be
(Font)              scaled to size 7.3pt on input line 18.
LaTeX Font Info:    Font shape `OT1/ntxtlf/m/n' will be
(Font)              scaled to size 5.5pt on input line 18.
LaTeX Font Info:    Try loading font information for U+ntxmia on input line 18.


(/usr/local/texlive/2015/texmf-dist/tex/latex/newtx/untxmia.fd
File: untxmia.fd 2012/04/16 Fontinst v1.933 font definitions for U/ntxmia.
)
LaTeX Font Info:    Try loading font information for U+ntxsym on input line 18.


(/usr/local/texlive/2015/texmf-dist/tex/latex/newtx/untxsym.fd
File: untxsym.fd 2015/03/20 Fontinst v1.933 font definitions for U/ntxsym.
)
LaTeX Font Info:    Try loading font information for U+ntxsyc on input line 18.


(/usr/local/texlive/2015/texmf-dist/tex/latex/newtx/untxsyc.fd
File: untxsyc.fd 2012/04/12 Fontinst v1.933 font definitions for U/ntxsyc.
)
LaTeX Font Info:    Font shape `T1/ntxtlf/m/n' will be
(Font)              scaled to size 8.0pt on input line 20.
LaTeX Font Info:    Font shape `OT1/ntxtlf/m/n' will be
(Font)              scaled to size 8.0pt on input line 20.
LaTeX Font Info:    Font shape `OT1/ntxtlf/m/n' will be
(Font)              scaled to size 6.2pt on input line 20.
LaTeX Font Info:    Try loading font information for T1+ntxsups on input line 2
5.

(/usr/local/texlive/2015/texmf-dist/tex/latex/newtx/t1ntxsups.fd
File: t1ntxsups.fd 2015/01/17 v1.0
)
LaTeX Font Info:    Font shape `T1/ntxsups/m/n' will be
(Font)              scaled to size 8.0pt on input line 25.
LaTeX Font Info:    Font shape `T1/ntxtlf/m/n' will be
(Font)              scaled to size 9.0pt on input line 25.
LaTeX Font Info:    Try loading font information for T1+ntxtt on input line 25.


(/usr/local/texlive/2015/texmf-dist/tex/latex/newtx/t1ntxtt.fd
File: t1ntxtt.fd 2012/04/20 v3.1
)
LaTeX Font Info:    Font shape `T1/ntxtt/m/n' will be
(Font)              scaled to size 9.0pt on input line 25.
LaTeX Font Info:    Font shape `T1/ntxtlf/m/it' will be
(Font)              scaled to size 9.0pt on input line 34.
 [1{/usr/local/texlive/2015/texmf-var/fonts/map/pdftex/updmap/pdftex.map}]
LaTeX Font Info:    Font shape `T1/ntxtlf/m/n' will be
(Font)              scaled to size 10.5pt on input line 44.
LaTeX Font Info:    Font shape `T1/ntxtlf/bx/n' in size <10.5> not available
(Font)              Font shape `T1/ntxtlf/b/n' tried instead on input line 44.
LaTeX Font Info:    Font shape `T1/ntxtlf/b/n' will be
(Font)              scaled to size 10.5pt on input line 44.
LaTeX Font Info:    Font shape `T1/ntxtlf/m/it' will be
(Font)              scaled to size 10.0pt on input line 47.

<BergenMap.png, id=14, 501.875pt x 501.875pt>
File: BergenMap.png Graphic file (type png)
 <use BergenMap.png>
Package pdftex.def Info: BergenMap.png used on input line 53.
(pdftex.def)             Requested size: 178.86702pt x 178.86757pt.

<EsbjergMap.png, id=15, 501.875pt x 501.875pt>
File: EsbjergMap.png Graphic file (type png)
 <use EsbjergMap.png>
Package pdftex.def Info: EsbjergMap.png used on input line 54.
(pdftex.def)             Requested size: 178.86702pt x 178.86757pt.
LaTeX Font Info:    Font shape `T1/ntxtlf/bx/n' in size <9> not available
(Font)              Font shape `T1/ntxtlf/b/n' tried instead on input line 55.
LaTeX Font Info:    Font shape `T1/ntxtlf/b/n' will be
(Font)              scaled to size 9.0pt on input line 55.
LaTeX Font Info:    Font shape `T1/ntxsups/m/n' will be
(Font)              scaled to size 10.0pt on input line 60.
LaTeX Font Info:    Font shape `T1/ntxtt/m/n' will be
(Font)              scaled to size 8.0pt on input line 60.

Overfull \hbox (11.19502pt too wide) in paragraph at lines 60--61
\T1/ntxtlf/m/n/10 both in terms of freight and pas-sen-gers. The his-toric har-
bor area, Bryggen, is the only Hanseatic 
 []


Underfull \vbox (badness 10000) has occurred while \output is active []

 [2]
Underfull \vbox (badness 10000) has occurred while \output is active []

 [3 <./BergenMap.png (PNG copy)> <./EsbjergMap.png (PNG copy)>]
Overfull \hbox (1.075pt too wide) in paragraph at lines 83--86
\T1/ntxtlf/m/n/10 where $[]$ and $[]$ are re-gres-sion pa-ram-e-ters of ob-serv
ed global sea level rise on ob-served global 
 []

[4]
LaTeX Font Info:    Font shape `T1/ntxtlf/m/n' will be
(Font)              scaled to size 7.3pt on input line 115.
LaTeX Font Info:    Font shape `T1/ntxtlf/m/n' will be
(Font)              scaled to size 5.5pt on input line 115.

Underfull \vbox (badness 10000) has occurred while \output is active []

 [5]
LaTeX Font Info:    Try loading font information for U+bbm on input line 126.

(/usr/local/texlive/2015/texmf-dist/tex/latex/bbm-macros/ubbm.fd
File: ubbm.fd 1999/03/15 V 1.2 Font definition for bbm font - TH
)

LaTeX Font Warning: Font shape `U/bbm/m/n' in size <5.5> not available
(Font)              size <5> substituted on input line 126.

LaTeX Font Info:    Font shape `OT1/ntxtlf/b/n' will be
(Font)              scaled to size 10.0pt on input line 142.
LaTeX Font Info:    Font shape `OT1/ntxtlf/b/n' will be
(Font)              scaled to size 7.3pt on input line 142.
LaTeX Font Info:    Font shape `OT1/ntxtlf/b/n' will be
(Font)              scaled to size 5.5pt on input line 142.
<DecisionAnalysisBergenPartII.pdf, id=35, 361.35pt x 361.35pt>
File: DecisionAnalysisBergenPartII.pdf Graphic file (type pdf)

<use DecisionAnalysisBergenPartII.pdf>
Package pdftex.def Info: DecisionAnalysisBergenPartII.pdf used on input line 14
9.
(pdftex.def)             Requested size: 198.7425pt x 198.74312pt.

Underfull \hbox (badness 10000) in paragraph at lines 150--150
[]\T1/ntxtlf/b/n/9 Figure  2. \T1/ntxtlf/m/n/9 Rel-a-tive change in mean an-nua
l dam-age as a func-tion of sea level rise for 15 Eu-ro-pean cites as
 []


Underfull \hbox (badness 10000) in paragraph at lines 150--150
\T1/ntxtlf/m/n/9 es-ti-mated by \T1/ntxtlf/m/it/9 Hal-le-gatte et al. \T1/ntxtl
f/m/n/9 [2013] (black cir-cles) with lin-early ex-trap-o-lated val-ues in-di-ca
ted by gray lines.
 []


Overfull \hbox (1.58601pt too wide) in paragraph at lines 156--158
[]\T1/ntxtlf/m/n/10 Let fur-ther $\OMS/ntxsy/m/n/10 f\OML/ntxmi/m/it/10 s[]; []
 ; s[]\OMS/ntxsy/m/n/10 g[]$ \T1/ntxtlf/m/n/10 de-note a sam-ple of pro-jec-tio
ns for an-nual sea level anoma- 
 []

[6] [7 <./DecisionAnalysisBergenPartII.pdf>]
Underfull \hbox (badness 10000) in paragraph at lines 203--203
[]\T1/ntxtlf/b/n/9 Table 1. \T1/ntxtlf/m/n/9 Ex-am-ples of val-ues al-lo-cated 
to dif-fer-ent map ob-jects in Es-b-jerg, pre-scribed by the end-users
 []


Overfull \hbox (0.58498pt too wide) in paragraph at lines 217--218
\T1/ntxtlf/m/n/10 1942--43. To deal with oc-ca-sional short stretches of miss-i
ng data (at most one or two months) 
 []


Underfull \vbox (badness 10000) has occurred while \output is active []

 [8]
LaTeX Font Info:    Font shape `T1/ntxtt/m/n' will be
(Font)              scaled to size 10.0pt on input line 221.

<bergenfit_edit.png, id=58, 1362.08875pt x 679.53876pt>
File: bergenfit_edit.png Graphic file (type png)

<use bergenfit_edit.png>
Package pdftex.def Info: bergenfit_edit.png used on input line 231.
(pdftex.def)             Requested size: 298.11374pt x 148.72131pt.

Underfull \hbox (badness 10000) in paragraph at lines 232--232
[]\T1/ntxtlf/b/n/9 Figure  3. \T1/ntxtlf/m/n/9 The left fig-ure shows raw (blac
k) and gia-corrected (red) sea level data from Bergen, The right
 []


Underfull \hbox (badness 10000) in paragraph at lines 232--232
\T1/ntxtlf/m/n/9 fig-ure re-lates the gia-corrected Bergen sea level to the glo
bal sea level se-ries of \T1/ntxtlf/m/it/9 Church and White \T1/ntxtlf/m/n/9 [2
011]. The
 []



pdfTeX warning: /usr/local/texlive/2015/bin/x86_64-linux/pdflatex (file ./berge
n_ci.pdf): PDF inclusion: found PDF version <1.6>, but at most version <1.5> al
lowed
<bergen_ci.pdf, id=60, 505.89pt x 505.89pt>
File: bergen_ci.pdf Graphic file (type pdf)
 <use bergen_ci.pdf>
Package pdftex.def Info: bergen_ci.pdf used on input line 242.
(pdftex.def)             Requested size: 198.7425pt x 198.74751pt.


pdfTeX warning: /usr/local/texlive/2015/bin/x86_64-linux/pdflatex (file ./esbje
rg_ci.pdf): PDF inclusion: found PDF version <1.6>, but at most version <1.5> a
llowed
<esbjerg_ci.pdf, id=61, 505.89pt x 505.89pt>
File: esbjerg_ci.pdf Graphic file (type pdf)
 <use esbjerg_ci.pdf>
Package pdftex.def Info: esbjerg_ci.pdf used on input line 248.
(pdftex.def)             Requested size: 198.7425pt x 198.74751pt.

Underfull \hbox (badness 10000) in paragraph at lines 252--252
[]\T1/ntxtlf/b/n/9 Figure  4. \T1/ntxtlf/m/n/9 Si-mul-ta-ne-ous 90% con-fi-denc
e set (thick black lines) for Bergen (left) and Es-b-jerg( right) sea
 []


Underfull \hbox (badness 10000) in paragraph at lines 252--252
\T1/ntxtlf/m/n/9 level pro-jec-tions for the years 2000-2100 us-ing RCP8.5. The
 sea level data are shown in blue and end in 2015.
 []


Underfull \hbox (badness 10000) in paragraph at lines 252--252
\T1/ntxtlf/m/n/9 The thin red lines are the pro-jec-tions with-out un-cer-taint
y based on each of the cli-mate mod-els. The dashed
 []


Underfull \vbox (badness 10000) has occurred while \output is active []

 [9 <./bergenfit_edit.png>] <DecisionAnalysisBergenPartI.pdf, id=66, 361.35pt x
 361.35pt>
File: DecisionAnalysisBergenPartI.pdf Graphic file (type pdf)

<use DecisionAnalysisBergenPartI.pdf>
Package pdftex.def Info: DecisionAnalysisBergenPartI.pdf used on input line 263
.
(pdftex.def)             Requested size: 198.7425pt x 198.74312pt.

Underfull \hbox (badness 10000) in paragraph at lines 264--264
[]\T1/ntxtlf/b/n/9 Figure  5. \T1/ntxtlf/m/n/9 Es-ti-mated dis-tri-bu-tion of a
n-nual dam-age costs in Bergen for 2015 (red) based on ob-served an-nual
 []


Underfull \vbox (badness 1552) has occurred while \output is active []

 [10 <./bergen_ci.pdf> <./esbjerg_ci.pdf> <./DecisionAnalysisBergenPartI.pdf>]
<TotalDamageCostsAdaptation.pdf, id=89, 722.7pt x 361.35pt>
File: TotalDamageCostsAdaptation.pdf Graphic file (type pdf)

<use TotalDamageCostsAdaptation.pdf>
Package pdftex.def Info: TotalDamageCostsAdaptation.pdf used on input line 277.

(pdftex.def)             Requested size: 397.48499pt x 198.74312pt.

Underfull \hbox (badness 10000) in paragraph at lines 278--278
[]\T1/ntxtlf/b/n/9 Figure  6. \T1/ntxtlf/m/n/9 Pro-jected to-tal dam-age costs 
in Bergen for the time pe-riod 2016-2100 as a func-tion of the tim-ing
 []


Underfull \hbox (badness 10000) in paragraph at lines 278--278
\T1/ntxtlf/m/n/9 of an adap-ta-tion mea-sure con-sist-ing of the con-struc-tion
 of two in-ner bar-ri-ers. The me-dian pro-jec-tion un-der
 []


Underfull \hbox (badness 10000) in paragraph at lines 278--278
\T1/ntxtlf/m/n/9 each adap-ta-tion sce-nario is in-di-cated in red with gray ba
rs de-not-ing the 90% pro-jec-tion in-ter-vals. The me-dian
 []


Underfull \hbox (badness 10000) in paragraph at lines 278--278
\T1/ntxtlf/m/n/9 pro-jected to-tal dam-age cost un-der no ac-tion is shown with
 a black line with the cor-re-spond-ing 90% pro-jec-tion
 []

<CumDamageCostsBergen.pdf, id=90, 361.35pt x 361.35pt>
File: CumDamageCostsBergen.pdf Graphic file (type pdf)

<use CumDamageCostsBergen.pdf>
Package pdftex.def Info: CumDamageCostsBergen.pdf used on input line 285.
(pdftex.def)             Requested size: 198.7425pt x 198.74312pt.

Underfull \hbox (badness 10000) in paragraph at lines 286--286
[]\T1/ntxtlf/b/n/9 Figure  7. \T1/ntxtlf/m/n/9 Me-dian pro-jected cu-mu-la-tive
 dam-age costs in Bergen un-der con-stant sea level (gray line), un-der
 []


Underfull \hbox (badness 10000) in paragraph at lines 286--286
\T1/ntxtlf/m/n/9 sea level rise ac-cord-ing to RCP 8.5 with no adap-ta-tion ac-
tion (black line) and with the con-struc-tion of two
 []


Underfull \hbox (badness 10000) in paragraph at lines 286--286
\T1/ntxtlf/m/n/9 in-ner bar-ri-ers in 2047 (red line). The shaded gray area de-
notes the 90% pro-jec-tion in-ter-val un-der con-stant sea
 []


Underfull \vbox (badness 10000) has occurred while \output is active []

 [11 <./TotalDamageCostsAdaptation.pdf>]
Underfull \hbox (badness 10000) in paragraph at lines 307--307
[]\T1/ntxtlf/b/n/9 Table 2. \T1/ntxtlf/m/n/9 Storm surge wa-ter lev-els [\T1/nt
xtlf/m/it/9 Sorensen et al.\T1/ntxtlf/m/n/9 , 2013] with a re-turn pe-riod of 2
0-years (RP20) and 100-
 []


Underfull \hbox (badness 10000) in paragraph at lines 307--307
\T1/ntxtlf/m/n/9 years (RP100) with no sea level rise and with sea level rise c
or-re-spond-ing to RCP 8.5 (5th per-centile, me-dian,
 []


Overfull \hbox (40.69632pt too wide) in paragraph at lines 311--311
| [][]\T1/ntxtlf/m/n/8 For more in-for-ma-tion see $\T1/ntxtt/m/n/8 http : / / 
www . klimatilpasning . dk / kommuner / kortlaegning-[]til-[]brug-[]for-[]klima
tilpasning /
 []


Underfull \vbox (badness 10000) has occurred while \output is active []

 [12 <./CumDamageCostsBergen.pdf>]
<FloodMaps_Harbour_RP20_RP100_dif2.png, id=107, 2635.59656pt x 964.35281pt>
File: FloodMaps_Harbour_RP20_RP100_dif2.png Graphic file (type png)

<use FloodMaps_Harbour_RP20_RP100_dif2.png>
Package pdftex.def Info: FloodMaps_Harbour_RP20_RP100_dif2.png used on input li
ne 319.
(pdftex.def)             Requested size: 397.48499pt x 145.42656pt.

Underfull \hbox (badness 10000) in paragraph at lines 320--320
[]\T1/ntxtlf/b/n/9 Figure  8. \T1/ntxtlf/m/n/9 Flood ex-tents and depths for th
e city of Es-b-jerg in year 2100 dur-ing storm surges with a re-turn
 []


Underfull \hbox (badness 10000) in paragraph at lines 320--320
\T1/ntxtlf/m/n/9 pe-riod of 20-years (RP20) and 100-years (RP100) with (a) no s
ea level rise and with sea level rise cor-re-spond-
 []

[13 <./FloodMaps_Harbour_RP20_RP100_dif2.png>]

pdfTeX warning: /usr/local/texlive/2015/bin/x86_64-linux/pdflatex (file ./unc.p
df): PDF inclusion: found PDF version <1.6>, but at most version <1.5> allowed
<unc.pdf, id=112, 505.89pt x 505.89pt>
File: unc.pdf Graphic file (type pdf)
 <use unc.pdf>
Package pdftex.def Info: unc.pdf used on input line 335.
(pdftex.def)             Requested size: 178.86702pt x 178.87045pt.

<ExbjergUncertainty.pdf, id=113, 504.46646pt x 505.20914pt>
File: ExbjergUncertainty.pdf Graphic file (type pdf)

<use ExbjergUncertainty.pdf>
Package pdftex.def Info: ExbjergUncertainty.pdf used on input line 336.
(pdftex.def)             Requested size: 178.86702pt x 179.13078pt.

Underfull \hbox (badness 10000) in paragraph at lines 337--337
[]\T1/ntxtlf/b/n/9 Figure  9. \T1/ntxtlf/m/n/9 2050 Bergen (left) and Es-b-jerg
 (right) sea level pro-jec-tions with un-cer-tainty due to dif-fer-ent
 []


Underfull \hbox (badness 10000) in paragraph at lines 337--337
\T1/ntxtlf/m/n/9 sources for RCP 8.5. The black ver-ti-cal line is the me-dian 
pro-jec-tion (with no un-cer-tainty), while the gray his-
 []


Underfull \hbox (badness 10000) in paragraph at lines 337--337
\T1/ntxtlf/m/n/9 togram cor-re-sponds to the spread of the cli-mate mod-els, th
e red curve adds the un-cer-tainty due to the re-la-tion
 []


Underfull \hbox (badness 10000) in paragraph at lines 337--337
\T1/ntxtlf/m/n/9 be-tween global tem-per-a-ture and global sea level, and the b
lue line that due to down-scal-ing global sea level to
 []

<UncertaintyLog.pdf, id=114, 722.7pt x 361.35pt>
File: UncertaintyLog.pdf Graphic file (type pdf)
 <use UncertaintyLog.pdf>
Package pdftex.def Info: UncertaintyLog.pdf used on input line 347.
(pdftex.def)             Requested size: 397.48499pt x 198.74312pt.

Underfull \hbox (badness 10000) in paragraph at lines 348--348
[]\T1/ntxtlf/b/n/9 Figure  10. \T1/ntxtlf/m/n/9 Sim-u-lated dis-tri-bu-tion of 
to-tal cu-mu-lated dam-age cost for 2016-2100 with-out adap-ta-tion on
 []


Underfull \hbox (badness 10000) in paragraph at lines 348--348
\T1/ntxtlf/m/n/9 log-log scale (black his-togram). We also show the dis-tri-bu-
tions of costs vary-ing only one as-pect of the un-cer-
 []


Underfull \hbox (badness 10000) in paragraph at lines 348--348
\T1/ntxtlf/m/n/9 tainty (sea level rise in pur-ple, ef-fect mul-ti-plier in yel
-low, and dam-age cost in green), hold-ing the other two at
 []


Underfull \hbox (badness 10000) in paragraph at lines 348--348
\T1/ntxtlf/m/n/9 their me-dian val-ues. The grey ver-ti-cal line is the re-sult
 of hold-ing all three fac-tors at their me-dian value. The
 []


Underfull \vbox (badness 5711) has occurred while \output is active []

 [14 <./unc.pdf> <./ExbjergUncertainty.pdf>]
Underfull \vbox (badness 4441) has occurred while \output is active []

 [15 <./UncertaintyLog.pdf>]
Overfull \hbox (2.10501pt too wide) in paragraph at lines 365--366
[]\T1/ntxtlf/m/n/10 Down the line we plan to de-velop a flex-i-ble and easy-to-
use tool kit for decision-making 
 []

(./paper.bbl
Underfull \vbox (badness 10000) has occurred while \output is active []

 [16]
Underfull \vbox (badness 10000) has occurred while \output is active []

 [17])
[18] (./paper.aux)

LaTeX Font Warning: Size substitutions with differences
(Font)              up to 0.5pt have occurred.

 ) 
Here is how much of TeX's memory you used:
 6512 strings out of 493054
 88088 string characters out of 6134766
 151074 words of memory out of 5000000
 9798 multiletter control sequences out of 15000+600000
 94699 words of font info for 159 fonts, out of 8000000 for 9000
 1147 hyphenation exceptions out of 8191
 41i,12n,37p,1874b,397s stack positions out of 5000i,500n,10000p,200000b,80000s
 </home/disa/.texlive2015/texmf-var/fonts/pk/ljfour/public/bbm/bbm10.600pk>{/
usr/local/texlive/2015/texmf-dist/fonts/enc/dvips/base/8r.enc}{/usr/local/texli
ve/2015/texmf-dist/fonts/enc/dvips/base/ec.enc}{/usr/local/texlive/2015/texmf-d
ist/fonts/enc/dvips/newtx/ntx-ot1-tlf.enc}{/usr/local/texlive/2015/texmf-dist/f
onts/enc/dvips/tex-gyre/q-ec.enc}{/usr/local/texlive/2015/texmf-dist/fonts/enc/
dvips/newtx/ntx-ec-tlf.enc}</usr/local/texlive/2015/texmf-dist/fonts/type1/publ
ic/newtx/ntxsups-Regular.pfb></usr/local/texlive/2015/texmf-dist/fonts/type1/pu
blic/tex-gyre/qhvr.pfb></usr/local/texlive/2015/texmf-dist/fonts/type1/public/t
ex-gyre/qtmb.pfb></usr/local/texlive/2015/texmf-dist/fonts/type1/public/tex-gyr
e/qtmr.pfb></usr/local/texlive/2015/texmf-dist/fonts/type1/public/tex-gyre/qtmr
i.pfb></usr/local/texlive/2015/texmf-dist/fonts/type1/public/newtx/rntxmi.pfb><
/usr/local/texlive/2015/texmf-dist/fonts/type1/public/newtx/rntxmi5.pfb></usr/l
ocal/texlive/2015/texmf-dist/fonts/type1/public/newtx/rntxmi7.pfb></usr/local/t
exlive/2015/texmf-dist/fonts/type1/public/newtx/rtxbmi-rev.pfb></usr/local/texl
ive/2015/texmf-dist/fonts/type1/public/newtx/rtxbmi7-rev.pfb></usr/local/texliv
e/2015/texmf-dist/fonts/type1/public/txfonts/rtxmi.pfb></usr/local/texlive/2015
/texmf-dist/fonts/type1/public/newtx/rtxmi7.pfb></usr/local/texlive/2015/texmf-
dist/fonts/type1/public/txfonts/rtxr.pfb></usr/local/texlive/2015/texmf-dist/fo
nts/type1/public/txfonts/t1xtt.pfb></usr/local/texlive/2015/texmf-dist/fonts/ty
pe1/public/newtx/txex-bar.pfb></usr/local/texlive/2015/texmf-dist/fonts/type1/p
ublic/txfonts/txex.pfb></usr/local/texlive/2015/texmf-dist/fonts/type1/public/t
xfonts/txsy.pfb></usr/local/texlive/2015/texmf-dist/fonts/type1/urw/times/utmr8
a.pfb></usr/local/texlive/2015/texmf-dist/fonts/type1/urw/times/utmri8a.pfb>
Output written on paper.pdf (18 pages, 2953574 bytes).
PDF statistics:
 228 PDF objects out of 1000 (max. 8388607)
 161 compressed objects within 2 object streams
 0 named destinations out of 1000 (max. 500000)
 66 words of extra memory for PDF output out of 10000 (max. 10000000)

